\BOOKMARK [1][-]{section.1}{\376\377\000I\000n\000t\000r\000o\000d\000u\000c\000c\000i\000o\000n}{}% 1
\BOOKMARK [2][-]{subsection.1.1}{\376\377\000M\000o\000t\000i\000v\000a\000c\000i\000\363\000n}{section.1}% 2
\BOOKMARK [2][-]{subsection.1.2}{\376\377\000O\000b\000j\000e\000t\000i\000v\000o}{section.1}% 3
\BOOKMARK [2][-]{subsection.1.3}{\376\377\000R\000e\000s\000u\000l\000t\000a\000d\000o\000s\000\040\000E\000s\000p\000e\000r\000a\000d\000o\000s}{section.1}% 4
\BOOKMARK [2][-]{subsection.1.4}{\376\377\000E\000s\000t\000r\000u\000c\000t\000u\000r\000a\000\040\000d\000e\000l\000\040\000d\000o\000c\000u\000m\000e\000n\000t\000o}{section.1}% 5
\BOOKMARK [1][-]{section.2}{\376\377\000E\000s\000t\000a\000d\000o\000\040\000d\000e\000l\000\040\000A\000r\000t\000e}{}% 6
\BOOKMARK [2][-]{subsection.2.1}{\376\377\000C\000o\000n\000t\000e\000n\000e\000d\000o\000r\000e\000s}{section.2}% 7
\BOOKMARK [3][-]{subsubsection.2.1.1}{\376\377\000P\000o\000r\000q\000u\000e\000\040\000s\000e\000\040\000u\000s\000a\000n\000\040\000l\000o\000s\000\040\000c\000o\000n\000t\000e\000n\000e\000d\000o\000r\000e\000s}{subsection.2.1}% 8
\BOOKMARK [2][-]{subsection.2.2}{\376\377\000I\000m\000a\000g\000e\000n\000e\000s}{section.2}% 9
\BOOKMARK [2][-]{subsection.2.3}{\376\377\000D\000o\000c\000k\000e\000r}{section.2}% 10
\BOOKMARK [3][-]{subsubsection.2.3.1}{\376\377\000D\000o\000c\000k\000e\000r\000f\000i\000l\000e}{subsection.2.3}% 11
\BOOKMARK [3][-]{subsubsection.2.3.2}{\376\377\000B\000u\000e\000n\000a\000s\000\040\000P\000r\000\341\000c\000t\000i\000c\000a\000s\000\040\000e\000n\000\040\000l\000a\000\040\000c\000r\000e\000a\000c\000i\000o\000n\000\040\000d\000e\000\040\000l\000a\000s\000\040\000i\000m\000a\000g\000e\000n\000e\000s}{subsection.2.3}% 12
\BOOKMARK [2][-]{subsection.2.4}{\376\377\000P\000r\000o\000b\000l\000e\000m\000a\000t\000i\000c\000a}{section.2}% 13
\BOOKMARK [2][-]{subsection.2.5}{\376\377\000S\000o\000l\000u\000c\000i\000o\000n\000e\000s\000\040\000A\000c\000t\000u\000a\000l\000m\000e\000n\000t\000e\000\040\000D\000i\000s\000p\000o\000n\000i\000b\000l\000e\000s}{section.2}% 14
\BOOKMARK [3][-]{subsubsection.2.5.1}{\376\377\000D\000o\000c\000k\000e\000r\000\040\000i\000n\000i\000t}{subsection.2.5}% 15
\BOOKMARK [3][-]{subsubsection.2.5.2}{\376\377\000D\000o\000c\000k\000e\000r\000\040\000E\000x\000t\000e\000n\000s\000i\000o\000n\000\040\000f\000o\000r\000\040\000V\000i\000s\000u\000a\000l\000\040\000S\000t\000u\000d\000i\000o\000\040\000C\000o\000d\000e}{subsection.2.5}% 16
\BOOKMARK [3][-]{subsubsection.2.5.3}{\376\377\000I\000n\000t\000e\000l\000i\000g\000e\000n\000c\000i\000a\000\040\000A\000r\000t\000i\000f\000i\000c\000i\000a\000l}{subsection.2.5}% 17
\BOOKMARK [2][-]{subsection.2.6}{\376\377\000C\000o\000n\000c\000l\000u\000s\000i\000o\000n\000e\000s\000\040\000P\000r\000e\000l\000i\000m\000i\000n\000a\000r\000e\000s}{section.2}% 18
\BOOKMARK [2][-]{subsection.2.7}{\376\377\000Q\000u\000e\000\040\000s\000e\000\040\000a\000p\000o\000r\000t\000a\000\040\000e\000n\000\040\000e\000s\000t\000e\000\040\000c\000o\000n\000t\000e\000x\000t\000o\000:}{section.2}% 19
\BOOKMARK [3][-]{subsubsection.2.7.1}{\376\377\000S\000o\000f\000t\000w\000a\000r\000e\000\040\000P\000r\000o\000d\000u\000c\000t\000\040\000L\000i\000n\000e\000\040\000S\000P\000L}{subsection.2.7}% 20
\BOOKMARK [1][-]{section.3}{\376\377\000T\000e\000c\000n\000o\000l\000o\000g\000\355\000a\000s\000\040\000E\000m\000p\000l\000e\000a\000d\000a\000s}{}% 21
\BOOKMARK [2][-]{subsection.3.1}{\376\377\000U\000n\000i\000v\000e\000r\000s\000a\000l\000\040\000V\000a\000r\000i\000a\000b\000i\000l\000i\000t\000y\000\040\000L\000a\000n\000g\000u\000a\000g\000e\000\040\000U\000V\000L}{section.3}% 22
\BOOKMARK [2][-]{subsection.3.2}{\376\377\000D\000o\000c\000k\000e\000r}{section.3}% 23
\BOOKMARK [2][-]{subsection.3.3}{\376\377\000N\000o\000d\000e\000.\000j\000s}{section.3}% 24
\BOOKMARK [2][-]{subsection.3.4}{\376\377\000A\000n\000g\000u\000l\000a\000r}{section.3}% 25
\BOOKMARK [3][-]{subsubsection.3.4.1}{\376\377\000A\000n\000g\000u\000l\000a\000r\000\040\000M\000a\000t\000e\000r\000i\000a\000l}{subsection.3.4}% 26
\BOOKMARK [3][-]{subsubsection.3.4.2}{\376\377\000M\000o\000n\000a\000c\000o\000\040\000E\000d\000i\000t\000o\000r}{subsection.3.4}% 27
\BOOKMARK [3][-]{subsubsection.3.4.3}{\376\377\000n\000g\000x\000-\000j\000s\000o\000n\000-\000v\000i\000e\000w\000e\000r}{subsection.3.4}% 28
\BOOKMARK [2][-]{subsection.3.5}{\376\377\000N\000g\000i\000n\000x}{section.3}% 29
\BOOKMARK [2][-]{subsection.3.6}{\376\377\000P\000y\000t\000h\000o\000n}{section.3}% 30
\BOOKMARK [3][-]{subsubsection.3.6.1}{\376\377\000F\000l\000a\000s\000k}{subsection.3.6}% 31
\BOOKMARK [3][-]{subsubsection.3.6.2}{\376\377\000g\000u\000n\000i\000c\000o\000r\000n}{subsection.3.6}% 32
\BOOKMARK [3][-]{subsubsection.3.6.3}{\376\377\000P\000y\000p\000i}{subsection.3.6}% 33
\BOOKMARK [2][-]{subsection.3.7}{\376\377\000J\000i\000n\000j\000a}{section.3}% 34
\BOOKMARK [3][-]{subsubsection.3.7.1}{\376\377\000J\000i\000n\000j\000a\0002}{subsection.3.7}% 35
\BOOKMARK [2][-]{subsection.3.8}{\376\377\000G\000i\000t}{section.3}% 36
\BOOKMARK [2][-]{subsection.3.9}{\376\377\000G\000i\000t\000H\000u\000b}{section.3}% 37
\BOOKMARK [3][-]{subsubsection.3.9.1}{\376\377\000G\000i\000t\000H\000u\000b\000\040\000P\000u\000b\000l\000i\000c\000\040\000A\000p\000i}{subsection.3.9}% 38
\BOOKMARK [2][-]{subsection.3.10}{\376\377\000V\000i\000s\000u\000a\000l\000\040\000S\000t\000u\000d\000i\000o\000\040\000C\000o\000d\000e}{section.3}% 39
\BOOKMARK [3][-]{subsubsection.3.10.1}{\376\377\000U\000V\000L\000S\000\040\000e\000x\000t\000e\000n\000s\000i\000o\000n}{subsection.3.10}% 40
\BOOKMARK [1][-]{section.4}{\376\377\000M\000e\000t\000o\000d\000o\000l\000o\000g\000i\000a\000\040\000d\000e\000l\000\040\000t\000r\000a\000b\000a\000j\000o}{}% 41
\BOOKMARK [2][-]{subsection.4.1}{\376\377\000I\000n\000t\000r\000o\000d\000u\000c\000c\000i\000o\000n}{section.4}% 42
\BOOKMARK [2][-]{subsection.4.2}{\376\377\000M\000e\000t\000o\000d\000o\000l\000o\000g\000\355\000a\000\040\000d\000e\000l\000\040\000D\000e\000s\000a\000r\000r\000o\000l\000l\000o}{section.4}% 43
\BOOKMARK [3][-]{subsubsection.4.2.1}{\376\377\000J\000u\000s\000t\000i\000f\000i\000c\000a\000c\000i\000\363\000n}{subsection.4.2}% 44
\BOOKMARK [3][-]{subsubsection.4.2.2}{\376\377\000P\000r\000o\000c\000e\000d\000i\000m\000i\000e\000n\000t\000o}{subsection.4.2}% 45
\BOOKMARK [3][-]{subsubsection.4.2.3}{\376\377\000L\000i\000m\000i\000t\000a\000c\000i\000o\000n\000e\000s}{subsection.4.2}% 46
\BOOKMARK [2][-]{subsection.4.3}{\376\377\000F\000a\000s\000e\000s\000\040\000d\000e\000\040\000E\000s\000t\000u\000d\000i\000o}{section.4}% 47
\BOOKMARK [2][-]{subsection.4.4}{\376\377\000E\000s\000t\000u\000d\000i\000o\000\040\000d\000e\000l\000\040\000E\000s\000t\000a\000d\000o\000\040\000d\000e\000l\000\040\000A\000r\000t\000e\000\040\000:}{section.4}% 48
\BOOKMARK [2][-]{subsection.4.5}{\376\377\000I\000n\000v\000e\000s\000t\000i\000g\000a\000c\000i\000\363\000n\000\040\000d\000o\000c\000k\000e\000f\000i\000l\000e\000s}{section.4}% 49
\BOOKMARK [2][-]{subsection.4.6}{\376\377\000D\000e\000s\000a\000r\000r\000o\000l\000l\000o\000\040\000d\000e\000\040\000M\000o\000d\000e\000l\000o\000s\000\040\000d\000e\000\040\000p\000l\000a\000n\000t\000i\000l\000l\000a\000s}{section.4}% 50
\BOOKMARK [2][-]{subsection.4.7}{\376\377\000F\000a\000s\000e\000\040\000I\000m\000p\000l\000e\000m\000e\000n\000t\000a\000c\000i\000o\000n\000\040\000S\000c\000r\000u\000m}{section.4}% 51
\BOOKMARK [3][-]{subsubsection.4.7.1}{\376\377\000R\000e\000q\000u\000i\000s\000i\000t\000i\000o\000s\000\040\000d\000e\000\040\000l\000a\000\040\000a\000p\000l\000i\000c\000a\000c\000i\000\363\000n\000\040}{subsection.4.7}% 52
\BOOKMARK [3][-]{subsubsection.4.7.2}{\376\377\000D\000e\000s\000a\000r\000r\000o\000l\000l\000o\000\040\000d\000e\000l\000\040\000l\000a\000\040\000a\000p\000l\000i\000c\000a\000c\000i\000\363\000n\000\040\000d\000e\000\040\000u\000v\000e\000n\000g\000i\000n\000e\000\040}{subsection.4.7}% 53
\BOOKMARK [3][-]{subsubsection.4.7.3}{\376\377\000D\000e\000s\000a\000r\000r\000o\000l\000l\000o\000\040\000d\000e\000\040\000l\000a\000\040\000w\000e\000b}{subsection.4.7}% 54
\BOOKMARK [3][-]{subsubsection.4.7.4}{\376\377\000D\000e\000s\000a\000r\000r\000o\000l\000l\000o\000\040\000d\000e\000\040\000l\000o\000s\000\040\000s\000e\000r\000v\000i\000c\000i\000o\000s\000\040\000d\000e\000\040\000b\000a\000c\000k\000e\000n\000d}{subsection.4.7}% 55
\BOOKMARK [3][-]{subsubsection.4.7.5}{\376\377\000E\000l\000a\000b\000o\000r\000a\000c\000i\000\363\000n\000\040\000d\000e\000\040\000l\000a\000\040\000g\000u\000\355\000a\000\040\000d\000e\000\040\000u\000s\000o}{subsection.4.7}% 56
\BOOKMARK [3][-]{subsubsection.4.7.6}{\376\377\000E\000l\000a\000b\000o\000r\000a\000c\000i\000\363\000n\000\040\000d\000e\000\040\000u\000n\000\040\000m\000a\000n\000u\000a\000l\000\040\000d\000e\000\040\000i\000n\000s\000t\000a\000l\000a\000c\000i\000\363\000n}{subsection.4.7}% 57
\BOOKMARK [2][-]{subsection.4.8}{\376\377\000E\000l\000a\000b\000o\000r\000a\000c\000i\000\363\000n\000\040\000d\000e\000\040\000l\000a\000\040\000m\000e\000m\000o\000r\000i\000a}{section.4}% 58
\BOOKMARK [1][-]{section.5}{\376\377\000M\000o\000d\000e\000l\000a\000d\000o\000\040\000d\000e\000\040\000l\000a\000s\000\040\000p\000l\000a\000n\000t\000i\000l\000l\000a\000s}{}% 59
\BOOKMARK [2][-]{subsection.5.1}{\376\377\000I\000n\000t\000r\000o\000d\000u\000c\000c\000i\000\363\000n}{section.5}% 60
\BOOKMARK [2][-]{subsection.5.2}{\376\377\000C\000o\000m\000p\000o\000n\000e\000n\000t\000e\000s\000\040\000d\000e\000\040\000l\000a\000s\000\040\000p\000l\000a\000n\000t\000i\000l\000l\000a\000s}{section.5}% 61
\BOOKMARK [3][-]{subsubsection.5.2.1}{\376\377\000F\000e\000a\000t\000u\000r\000e\000m\000o\000d\000e\000l\000\050\000.\000u\000v\000l\000\051}{subsection.5.2}% 62
\BOOKMARK [3][-]{subsubsection.5.2.2}{\376\377\000P\000l\000a\000n\000t\000i\000l\000l\000a\000s\000\040\000J\000i\000n\000j\000a}{subsection.5.2}% 63
\BOOKMARK [3][-]{subsubsection.5.2.3}{\376\377\000M\000a\000p\000p\000i\000n\000g\000\040\000M\000o\000d\000e\000l}{subsection.5.2}% 64
\BOOKMARK [2][-]{subsection.5.3}{\376\377\000P\000l\000a\000n\000t\000i\000l\000l\000a\000\040\000d\000o\000c\000k\000e\000r\000f\000i\000l\000e}{section.5}% 65
\BOOKMARK [3][-]{subsubsection.5.3.1}{\376\377\000P\000l\000a\000n\000t\000i\000l\000l\000a\000s\000\040\000J\000i\000n\000j\000a\0002}{subsection.5.3}% 66
\BOOKMARK [3][-]{subsubsection.5.3.2}{\376\377\000T\000e\000s\000t\000\040\000s\000o\000b\000r\000e\000\040\000l\000a\000\040\000P\000l\000a\000n\000t\000i\000l\000l\000a\000\040\000d\000o\000c\000k\000e\000r\000f\000i\000l\000e}{subsection.5.3}% 67
\BOOKMARK [1][-]{section.6}{\376\377\000A\000r\000q\000u\000i\000t\000e\000c\000t\000u\000r\000a\000\040\000y\000\040\000D\000e\000s\000c\000r\000i\000p\000c\000i\000o\000n\000\040\000d\000e\000l\000\040\000s\000i\000s\000t\000e\000m\000a\000\040}{}% 68
\BOOKMARK [2][-]{subsection.6.1}{\376\377\000V\000i\000s\000i\000o\000n\000\040\000g\000e\000n\000e\000r\000a\000l\000\040\000d\000e\000\040\000l\000a\000\040\000a\000r\000q\000u\000i\000t\000e\000c\000t\000u\000r\000a\000\040}{section.6}% 69
\BOOKMARK [2][-]{subsection.6.2}{\376\377\000D\000e\000s\000c\000r\000i\000p\000c\000i\000o\000n\000\040\000d\000e\000\040\000s\000e\000r\000v\000i\000c\000i\000o\000s\000\040\000d\000e\000\040\000b\000a\000c\000k\000e\000n\000d}{section.6}% 70
\BOOKMARK [3][-]{subsubsection.6.2.1}{\376\377\000R\000e\000p\000o\000s\000i\000t\000o\000r\000y\000\040\000M\000a\000n\000a\000g\000e\000r}{subsection.6.2}% 71
\BOOKMARK [3][-]{subsubsection.6.2.2}{\376\377\000U\000V\000E\000n\000g\000i\000n\000e\000\040\000R\000e\000s\000o\000l\000v\000e\000r}{subsection.6.2}% 72
\BOOKMARK [2][-]{subsection.6.3}{\376\377\000D\000e\000s\000c\000r\000i\000p\000c\000i\000o\000n\000\040\000d\000e\000\040\000F\000r\000o\000n\000t\000e\000n\000d}{section.6}% 73
\BOOKMARK [1][-]{section.7}{\376\377\000E\000x\000t\000e\000n\000s\000i\000b\000i\000l\000i\000d\000a\000d}{}% 74
\BOOKMARK [2][-]{subsection.7.1}{\376\377\000A\000\361\000a\000d\000i\000r\000\040\000P\000l\000a\000n\000t\000i\000l\000l\000a\000s}{section.7}% 75
\BOOKMARK [3][-]{subsubsection.7.1.1}{\376\377\000A\000m\000p\000l\000i\000a\000r\000\040\000l\000a\000\040\000P\000l\000a\000n\000t\000i\000l\000l\000a\000\040\000D\000o\000c\000k\000e\000r\000f\000i\000l\000e}{subsection.7.1}% 76
\BOOKMARK [1][-]{section.8}{\376\377\000D\000e\000s\000p\000l\000i\000e\000g\000u\000e\000\040\000d\000e\000\040\000l\000a\000\040\000a\000p\000l\000i\000c\000a\000c\000i\000\363\000n\000\040}{}% 77
\BOOKMARK [2][-]{subsection.8.1}{\376\377\000\040\000D\000e\000s\000p\000l\000i\000e\000g\000u\000e\000\040\000l\000o\000c\000a\000l\000\040}{section.8}% 78
\BOOKMARK [2][-]{subsection.8.2}{\376\377\000\040\000D\000e\000s\000p\000l\000i\000e\000g\000u\000e\000\040\000e\000n\000\040\000l\000a\000\040\000n\000u\000b\000e\000\040}{section.8}% 79
\BOOKMARK [1][-]{section.9}{\376\377\000R\000e\000s\000u\000l\000t\000a\000d\000o\000s}{}% 80
\BOOKMARK [2][-]{subsection.9.1}{\376\377\000R\000e\000s\000u\000l\000t\000a\000d\000o\000s\000\040\000O\000b\000t\000e\000n\000i\000d\000o\000s}{section.9}% 81
\BOOKMARK [2][-]{subsection.9.2}{\376\377\000V\000i\000a\000b\000i\000l\000i\000d\000a\000d\000\040\000d\000e\000l\000\040\000p\000r\000o\000y\000e\000c\000t\000o}{section.9}% 82
\BOOKMARK [2][-]{subsection.9.3}{\376\377\000E\000s\000c\000a\000l\000a\000b\000i\000l\000i\000d\000a\000d}{section.9}% 83
\BOOKMARK [1][-]{section.10}{\376\377\000C\000o\000n\000c\000l\000u\000s\000i\000o\000n\000e\000s\000\040\000y\000\040\000l\000\355\000n\000e\000a\000s\000\040\000F\000u\000t\000u\000r\000a\000s\000\040}{}% 84
\BOOKMARK [2][-]{subsection.10.1}{\376\377\000C\000o\000n\000c\000l\000u\000s\000i\000o\000n\000e\000s\000\040\000d\000e\000l\000\040\000D\000e\000s\000a\000r\000r\000o\000l\000l\000o\000\040\000d\000e\000l\000\040\000p\000r\000o\000y\000e\000c\000t\000o}{section.10}% 85
\BOOKMARK [2][-]{subsection.10.2}{\376\377\000C\000o\000n\000c\000l\000u\000s\000i\000o\000n\000\040\000P\000e\000r\000s\000o\000n\000a\000l}{section.10}% 86
\BOOKMARK [2][-]{subsection.10.3}{\376\377\000A\000p\000l\000i\000c\000a\000c\000i\000o\000n\000e\000s\000\040\000P\000r\000\341\000c\000t\000i\000c\000a\000s}{section.10}% 87
\BOOKMARK [2][-]{subsection.10.4}{\376\377\000D\000e\000s\000a\000r\000r\000o\000l\000l\000o\000\040\000d\000e\000\040\000n\000u\000e\000v\000a\000s\000\040\000p\000l\000a\000n\000t\000i\000l\000l\000a\000s\000\040}{section.10}% 88
\BOOKMARK [2][-]{subsection.10.5}{\376\377\000C\000o\000n\000t\000i\000n\000u\000a\000c\000i\000\363\000n\000\040\000e\000n\000\040\000e\000l\000\040\000d\000e\000s\000a\000r\000r\000o\000l\000l\000o\000\040\000d\000e\000\040\000p\000l\000a\000n\000t\000i\000l\000l\000a\000s\000\040\000y\000a\000\040\000e\000x\000i\000s\000t\000e\000n\000t\000e\000s}{section.10}% 89
\BOOKMARK [2][-]{subsection.10.6}{\376\377\000M\000e\000j\000o\000r\000a\000r\000\040\000l\000a\000\040\000e\000x\000p\000e\000r\000i\000e\000n\000c\000i\000a\000\040\000d\000e\000l\000\040\000u\000s\000u\000a\000r\000i\000o\000\040}{section.10}% 90
\BOOKMARK [1][-]{appendix.alph1.Alph1}{\376\377\000A\000p\000\351\000n\000d\000i\000c\000e\000\040\000M\000a\000n\000u\000a\000l\000\040\000d\000e\000\040\000\040\000I\000n\000s\000t\000a\000l\000a\000c\000i\000\363\000n}{}% 91
\BOOKMARK [2][-]{subsection.alph1.Alph1.1}{\376\377\000R\000e\000q\000u\000i\000s\000i\000t\000o\000s\000\040\000P\000r\000e\000v\000i\000o\000s}{appendix.alph1.Alph1}% 92
\BOOKMARK [2][-]{subsection.alph1.Alph1.2}{\376\377\000D\000e\000s\000c\000a\000r\000g\000a\000r\000\040\000e\000l\000\040\000c\000o\000d\000i\000g\000o\000\040\000f\000u\000e\000n\000t\000e}{appendix.alph1.Alph1}% 93
\BOOKMARK [2][-]{subsection.alph1.Alph1.3}{\376\377\000C\000o\000n\000f\000i\000g\000u\000r\000a\000c\000i\000o\000n\000\040\000d\000e\000l\000\040\000a\000r\000c\000h\000i\000v\000o\000\040\000D\000o\000c\000k\000e\000r\000c\000o\000m\000o\000s\000e}{appendix.alph1.Alph1}% 94
\BOOKMARK [3][-]{subsubsection.alph1.Alph1.3.1}{\376\377\000N\000g\000i\000n\000x\000\040\000r\000e\000v\000e\000r\000s\000e\000\040\000p\000r\000o\000x\000y}{subsection.alph1.Alph1.3}% 95
\BOOKMARK [3][-]{subsubsection.alph1.Alph1.3.2}{\376\377\000f\000r\000o\000n\000t\000e\000n\000d}{subsection.alph1.Alph1.3}% 96
\BOOKMARK [3][-]{subsubsection.alph1.Alph1.3.3}{\376\377\000R\000e\000p\000o\000s\000i\000t\000o\000r\000y\000\040\000M\000a\000n\000a\000g\000e\000r}{subsection.alph1.Alph1.3}% 97
\BOOKMARK [3][-]{subsubsection.alph1.Alph1.3.4}{\376\377\000U\000V\000\040\000E\000n\000g\000i\000n\000e\000\040\000r\000e\000s\000o\000l\000v\000e\000r}{subsection.alph1.Alph1.3}% 98
\BOOKMARK [2][-]{subsection.alph1.Alph1.4}{\376\377\000C\000o\000n\000s\000t\000r\000u\000c\000c\000i\000o\000n\000\040\000d\000e\000\040\000l\000o\000s\000\040\000c\000o\000n\000t\000e\000n\000e\000d\000o\000r\000e\000s}{appendix.alph1.Alph1}% 99
\BOOKMARK [3][-]{subsubsection.alph1.Alph1.4.1}{\376\377\000G\000i\000t\000h\000u\000b\000\040\000A\000P\000I}{subsection.alph1.Alph1.4}% 100
\BOOKMARK [2][-]{subsection.alph1.Alph1.5}{\376\377\000T\000e\000r\000m\000i\000n\000a\000r\000\040\000e\000l\000\040\000s\000e\000r\000v\000i\000c\000i\000o}{appendix.alph1.Alph1}% 101
\BOOKMARK [1][-]{appendix.alph1.Alph2}{\376\377\000A\000p\000\351\000n\000d\000i\000c\000e\000\040\000M\000a\000n\000u\000a\000l\000\040\000d\000e\000\040\000U\000s\000o}{}% 102
\BOOKMARK [2][-]{subsection.alph1.Alph2.1}{\376\377\000I\000n\000i\000c\000i\000o\000\040\000d\000e\000\040\000l\000a\000\040\000a\000p\000l\000i\000c\000a\000c\000i\000o\000n}{appendix.alph1.Alph2}% 103
\BOOKMARK [2][-]{subsection.alph1.Alph2.2}{\376\377\000B\000a\000r\000r\000a\000\040\000d\000e\000\040\000N\000a\000v\000e\000g\000a\000c\000i\000\363\000n}{appendix.alph1.Alph2}% 104
\BOOKMARK [3][-]{subsubsection.alph1.Alph2.2.1}{\376\377\000A\000b\000o\000u\000t\000\040\000P\000a\000g\000e}{subsection.alph1.Alph2.2}% 105
\BOOKMARK [3][-]{subsubsection.alph1.Alph2.2.2}{\376\377\000H\000e\000l\000p\000\040\000P\000a\000g\000e}{subsection.alph1.Alph2.2}% 106
\BOOKMARK [2][-]{subsection.alph1.Alph2.3}{\376\377\000S\000e\000l\000e\000c\000c\000i\000o\000n\000a\000r\000\040\000p\000l\000a\000n\000t\000i\000l\000l\000a}{appendix.alph1.Alph2}% 107
\BOOKMARK [3][-]{subsubsection.alph1.Alph2.3.1}{\376\377\000S\000e\000l\000e\000c\000c\000i\000o\000n\000a\000r\000\040\000v\000e\000r\000s\000i\000o\000n\000\040\000d\000e\000\040\000l\000a\000\040\000p\000l\000a\000t\000i\000l\000l\000a}{subsection.alph1.Alph2.3}% 108
\BOOKMARK [3][-]{subsubsection.alph1.Alph2.3.2}{\376\377\000C\000a\000r\000g\000a\000r\000\040\000c\000o\000n\000f\000i\000g\000u\000r\000a\000c\000i\000o\000n}{subsection.alph1.Alph2.3}% 109
\BOOKMARK [3][-]{subsubsection.alph1.Alph2.3.3}{\376\377\000D\000e\000s\000c\000a\000r\000g\000a\000r\000\040\000F\000i\000c\000h\000e\000r\000o\000\040\000G\000e\000n\000e\000r\000a\000d\000o}{subsection.alph1.Alph2.3}% 110
\BOOKMARK [3][-]{subsubsection.alph1.Alph2.3.4}{\376\377\000C\000o\000p\000i\000a\000r\000\040\000F\000i\000c\000h\000e\000r\000o\000\040\000G\000e\000n\000e\000r\000a\000d\000o}{subsection.alph1.Alph2.3}% 111
\BOOKMARK [1][-]{appendix.alph1.Alph3}{\376\377\000A\000p\000\351\000n\000d\000i\000c\000e\000\040\000M\000a\000n\000u\000a\000l\000\040\000d\000e\000\040\000D\000e\000s\000a\000r\000r\000o\000l\000l\000o}{}% 112
\BOOKMARK [2][-]{subsection.alph1.Alph3.1}{\376\377\000M\000a\000n\000u\000a\000l\000\040\000d\000e\000\040\000D\000e\000s\000a\000r\000r\000o\000l\000l\000o\000\040\000d\000e\000\040\000P\000l\000a\000n\000t\000i\000l\000l\000a\000s}{appendix.alph1.Alph3}% 113
\BOOKMARK [3][-]{subsubsection.alph1.Alph3.1.1}{\376\377\000C\000o\000m\000o\000\040\000a\000\361\000a\000d\000i\000r\000\040\000n\000u\000e\000v\000a\000s\000\040\000p\000l\000a\000n\000t\000i\000l\000l\000a\000s\000\040\000a\000l\000\040\000r\000e\000p\000o\000s\000i\000t\000o\000r\000i\000o}{subsection.alph1.Alph3.1}% 114
\BOOKMARK [3][-]{subsubsection.alph1.Alph3.1.2}{\376\377\000C\000o\000m\000o\000\040\000m\000o\000d\000i\000f\000i\000c\000a\000r\000\040\000l\000a\000s\000\040\000p\000l\000a\000n\000t\000i\000l\000l\000a\000s\000\040\000d\000e\000l\000\040\000r\000e\000p\000o\000s\000i\000t\000o\000r\000i\000o}{subsection.alph1.Alph3.1}% 115
